<?xml version="1.0" encoding="UTF-8"?>
<!-- Generated by org.testng.reporters.JUnitReportReporter -->
<testsuite skipped="0" hostname="DESKTOP-JGO97D8" name="dockerproject.Zalenium_google" tests="1" failures="0" timestamp="19 Jan 2020 18:32:40 GMT" time="38.779" errors="0">
  <testcase name="zaleniumdemo" time="38.779" classname="dockerproject.Zalenium_google"/>
</testsuite> <!-- dockerproject.Zalenium_google -->
