<?xml version="1.0" encoding="UTF-8"?>
<!-- Generated by org.testng.reporters.JUnitReportReporter -->
<testsuite skipped="0" hostname="DESKTOP-JGO97D8" name="webdrivermanager.launchbrowser" tests="1" failures="0" timestamp="10 Sep 2020 11:47:13 GMT" time="12.156" errors="0">
  <testcase name="launhchromebrowser" time="12.156" classname="webdrivermanager.launchbrowser"/>
</testsuite> <!-- webdrivermanager.launchbrowser -->
