<?xml version="1.0" encoding="UTF-8"?>
<!-- Generated by org.testng.reporters.JUnitReportReporter -->
<testsuite skipped="0" hostname="DESKTOP-JGO97D8" name="dockerproject.Firefox" tests="1" failures="0" timestamp="19 Jan 2020 14:38:03 GMT" time="27.962" errors="0">
  <testcase name="chrometest" time="27.962" classname="dockerproject.Firefox"/>
</testsuite> <!-- dockerproject.Firefox -->
