<?xml version="1.0" encoding="UTF-8"?>
<!-- Generated by org.testng.reporters.JUnitReportReporter -->
<testsuite skipped="0" hostname="DESKTOP-JGO97D8" name="dockerproject.Zalenium" tests="1" failures="0" timestamp="19 Jan 2020 18:32:40 GMT" time="41.810" errors="0">
  <testcase name="zaleniumdemo" time="41.810" classname="dockerproject.Zalenium"/>
</testsuite> <!-- dockerproject.Zalenium -->
