<?xml version="1.0" encoding="UTF-8"?>
<!-- Generated by org.testng.reporters.JUnitReportReporter -->
<testsuite skipped="0" hostname="DESKTOP-JGO97D8" name="seleniumadvancedtpics.dropdownquniquevalues" tests="1" failures="0" timestamp="14 Jul 2022 10:47:55 GMT" time="21.568" errors="0">
  <testcase name="dropdownoptions" time="21.568" classname="seleniumadvancedtpics.dropdownquniquevalues"/>
</testsuite> <!-- seleniumadvancedtpics.dropdownquniquevalues -->
