<?xml version="1.0" encoding="UTF-8"?>
<!-- Generated by org.testng.reporters.JUnitReportReporter -->
<testsuite skipped="0" hostname="DESKTOP-JGO97D8" name="Webservice.Restassured1" tests="1" failures="0" timestamp="19 Feb 2020 05:19:39 GMT" time="4.071" errors="0">
  <testcase name="getresponse" time="4.071" classname="Webservice.Restassured1"/>
</testsuite> <!-- Webservice.Restassured1 -->
